<?xml version="1.0" encoding="UTF-8"?>
<!-- Generated by org.testng.reporters.JUnitXMLReporter -->
<testsuite ignored="1" hostname="LAPTOP-O0RL6D68" failures="0" tests="1" name="Default test" time="7.481" errors="0" timestamp="25 Apr 2023 06:30:56 GMT">
  <testcase classname="executetest.DatePickersTest" name="verifyDateShowed" time="1.243"/>
  <testcase classname="executetest.DatePickersTest" name="verifyDatePickersPageClicked" time="0.0">
    <ignored/>
  </testcase> <!-- verifyDatePickersPageClicked -->
</testsuite> <!-- Default test -->
