<?xml version="1.0" encoding="UTF-8"?>
<!-- Generated by org.testng.reporters.JUnitXMLReporter -->
<testsuite ignored="2" hostname="LAPTOP-O0RL6D68" failures="0" tests="1" name="Default test" time="11.351" errors="0" timestamp="27 Apr 2023 01:43:54 GMT">
  <testcase classname="executetest.DatePickersTest" name="verifyDatePicker" time="4.521"/>
  <testcase classname="executetest.DatePickersTest" name="verifyDatePickersPageClicked" time="0.0">
    <ignored/>
  </testcase> <!-- verifyDatePickersPageClicked -->
  <testcase classname="executetest.DatePickersTest" name="verifyDateShowed" time="0.0">
    <ignored/>
  </testcase> <!-- verifyDateShowed -->
</testsuite> <!-- Default test -->
