<?xml version="1.0" encoding="UTF-8"?>
<testng-results ignored="0" total="1" passed="1" failed="0" skipped="0">
  <reporter-output>
  </reporter-output>
  <suite started-at="2023-04-18T06:12:54Z" name="Default suite" finished-at="2023-04-18T06:13:00Z" duration-ms="5947">
    <groups>
    </groups>
    <test started-at="2023-04-18T06:12:54Z" name="Default test" finished-at="2023-04-18T06:13:00Z" duration-ms="5947">
      <class name="executetest.InputFormTest">
        <test-method is-config="true" signature="launchObsquraApplication()[pri:0, instance:executetest.InputFormTest@70f02c32]" started-at="2023-04-18T06:12:54Z" name="launchObsquraApplication" finished-at="2023-04-18T06:12:59Z" duration-ms="5476" status="PASS">
          <reporter-output>
          </reporter-output>
        </test-method> <!-- launchObsquraApplication -->
        <test-method signature="verifyShowMessageButtonMessage()[pri:0, instance:executetest.InputFormTest@70f02c32]" started-at="2023-04-18T06:12:59Z" name="verifyShowMessageButtonMessage" finished-at="2023-04-18T06:13:00Z" duration-ms="439" status="PASS">
          <reporter-output>
          </reporter-output>
        </test-method> <!-- verifyShowMessageButtonMessage -->
        <test-method is-config="true" signature="closeBrowser()[pri:0, instance:executetest.InputFormTest@70f02c32]" started-at="2023-04-18T06:13:00Z" name="closeBrowser" finished-at="2023-04-18T06:13:00Z" duration-ms="0" status="PASS">
          <reporter-output>
          </reporter-output>
        </test-method> <!-- closeBrowser -->
      </class> <!-- executetest.InputFormTest -->
    </test> <!-- Default test -->
  </suite> <!-- Default suite -->
</testng-results>
