<?xml version="1.0" encoding="UTF-8"?>
<testng-results ignored="1" total="2" passed="1" failed="0" skipped="0">
  <reporter-output>
  </reporter-output>
  <suite started-at="2023-04-25T06:30:49Z" name="Default suite" finished-at="2023-04-25T06:30:56Z" duration-ms="7481">
    <groups>
    </groups>
    <test started-at="2023-04-25T06:30:49Z" name="Default test" finished-at="2023-04-25T06:30:56Z" duration-ms="7481">
      <class name="executetest.DatePickersTest">
        <test-method is-config="true" signature="launchObsquraApplication()[pri:0, instance:executetest.DatePickersTest@67d18ed7]" started-at="2023-04-25T06:30:49Z" name="launchObsquraApplication" finished-at="2023-04-25T06:30:55Z" duration-ms="6214" status="PASS">
          <reporter-output>
          </reporter-output>
        </test-method> <!-- launchObsquraApplication -->
        <test-method signature="verifyDateShowed()[pri:0, instance:executetest.DatePickersTest@67d18ed7]" started-at="2023-04-25T06:30:55Z" name="verifyDateShowed" finished-at="2023-04-25T06:30:56Z" duration-ms="1243" status="PASS">
          <reporter-output>
          </reporter-output>
        </test-method> <!-- verifyDateShowed -->
        <test-method is-config="true" signature="closeBrowser()[pri:0, instance:executetest.DatePickersTest@67d18ed7]" started-at="2023-04-25T06:30:56Z" name="closeBrowser" finished-at="2023-04-25T06:30:56Z" duration-ms="0" status="PASS">
          <reporter-output>
          </reporter-output>
        </test-method> <!-- closeBrowser -->
      </class> <!-- executetest.DatePickersTest -->
    </test> <!-- Default test -->
  </suite> <!-- Default suite -->
</testng-results>
